<?xml version="1.0" encoding="UTF-8"?>
<!-- Generated by org.testng.reporters.JUnitReportReporter -->
<testsuite skipped="0" hostname="AKSHAY" name="TestClasses.MainTest" tests="2" failures="0" timestamp="15 Nov 2021 16:28:16 GMT" time="7.557" errors="0">
  <testcase name="letsBegainButton" time="1.322" classname="TestClasses.MainTest"/>
  <testcase name="profileForCreateOpt" time="6.235" classname="TestClasses.MainTest"/>
</testsuite> <!-- TestClasses.MainTest -->
